[debug] [2023-12-26T10:16:15.173Z] ----------------------------------------------------------------------
[debug] [2023-12-26T10:16:15.176Z] Command:       C:\Program Files\nodejs\node.exe C:\Users\ASUS\AppData\Roaming\npm\node_modules\firebase-tools\lib\bin\firebase.js init
[debug] [2023-12-26T10:16:15.177Z] CLI Version:   13.0.2
[debug] [2023-12-26T10:16:15.177Z] Platform:      win32
[debug] [2023-12-26T10:16:15.177Z] Node Version:  v21.0.0
[debug] [2023-12-26T10:16:15.177Z] Time:          Tue Dec 26 2023 17:16:15 GMT+0700 (เวลาอินโดจีน)
[debug] [2023-12-26T10:16:15.178Z] ----------------------------------------------------------------------
[debug] 
[debug] [2023-12-26T10:16:15.181Z] >>> [apiv2][query] GET https://firebase-public.firebaseio.com/cli.json [none]
[debug] [2023-12-26T10:16:15.235Z] > command requires scopes: ["email","openid","https://www.googleapis.com/auth/cloudplatformprojects.readonly","https://www.googleapis.com/auth/firebase","https://www.googleapis.com/auth/cloud-platform"]
[debug] [2023-12-26T10:16:15.236Z] > authorizing via signed-in user (aekkaratsinglor@gmail.com)
[info] 
     ######## #### ########  ######## ########     ###     ######  ########
     ##        ##  ##     ## ##       ##     ##  ##   ##  ##       ##
     ######    ##  ########  ######   ########  #########  ######  ######
     ##        ##  ##    ##  ##       ##     ## ##     ##       ## ##
     ##       #### ##     ## ######## ########  ##     ##  ######  ########

You're about to initialize a Firebase project in this directory:

  D:\Internal_Hospital_Demo (1)

[debug] [2023-12-26T10:16:15.847Z] <<< [apiv2][status] GET https://firebase-public.firebaseio.com/cli.json 200
[debug] [2023-12-26T10:16:15.847Z] <<< [apiv2][body] GET https://firebase-public.firebaseio.com/cli.json {"cloudBuildErrorAfter":1594252800000,"cloudBuildWarnAfter":1590019200000,"defaultNode10After":1594252800000,"minVersion":"3.0.5","node8DeploysDisabledAfter":1613390400000,"node8RuntimeDisabledAfter":1615809600000,"node8WarnAfter":1600128000000}
